2025-07-11 16:07:04,716 - artform_uploader - INFO - Artform Upload System Starting...
2025-07-11 16:07:04,763 - artform_uploader.database - INFO - Firebase initialized successfully
2025-07-11 16:07:04,763 - artform_uploader.uploader - INFO - Starting artform upload process...
2025-07-11 16:07:04,763 - artform_uploader.uploader - INFO - Configuration: 10 threads, batch size: 500
2025-07-11 16:07:04,782 - artform_uploader.uploader - INFO - CSV contains the following fields: ['slug', 'name', 'description', 'origin_region', 'heritage_level', 'thumbnail_url', 'banner_image_url', 'category', 'materials_used', 'colours_used', 'related_art_form_ids', 'artist_ids', 'total_value_sold', 'artist_count', 'total_unit_sold']
2025-07-11 16:07:04,784 - artform_uploader.uploader - INFO - Total rows to process: 5
2025-07-11 16:07:04,784 - artform_uploader.csv_parser - INFO - Starting to parse CSV file: C:\Users\MY PC\OneDrive\Desktop\CODE\Python\Memeraki\artform\artforms.csv
2025-07-11 16:07:04,785 - artform_uploader.csv_parser - INFO - CSV headers found: ['slug', 'name', 'description', 'origin_region', 'heritage_level', 'thumbnail_url', 'banner_image_url', 'category', 'materials_used', 'colours_used', 'related_art_form_ids', 'artist_ids', 'total_value_sold', 'artist_count', 'total_unit_sold']
2025-07-11 16:07:04,785 - artform_uploader.uploader - INFO - Processing batch of 5 documents using 10 threads...
2025-07-11 16:07:04,788 - artform_uploader.uploader - INFO - Submitted 5 tasks to thread pool
2025-07-11 16:07:05,584 - artform_uploader.database - INFO - 📝 Successfully UPDATED document: kalamkari
2025-07-11 16:07:05,585 - artform_uploader.uploader - INFO - UPDATED: kalamkari (fields: banner_image_url, colours_used, heritage_level, description, total_value_sold, artist_ids, name, category, total_unit_sold, artist_count, slug, origin_region, thumbnail_url, related_art_form_ids)
2025-07-11 16:07:05,601 - artform_uploader.database - INFO - 📝 Successfully UPDATED document: warli
2025-07-11 16:07:05,602 - artform_uploader.uploader - INFO - UPDATED: warli (fields: banner_image_url, colours_used, heritage_level, materials_used, description, total_value_sold, artist_ids, name, category, total_unit_sold, artist_count, slug, origin_region, thumbnail_url, related_art_form_ids)
2025-07-11 16:07:05,616 - artform_uploader.database - INFO - 📝 Successfully UPDATED document: pichwai
2025-07-11 16:07:05,617 - artform_uploader.uploader - INFO - UPDATED: pichwai (fields: banner_image_url, colours_used, heritage_level, materials_used, description, total_value_sold, artist_ids, name, category, total_unit_sold, artist_count, slug, origin_region, thumbnail_url, related_art_form_ids)
2025-07-11 16:07:05,648 - artform_uploader.database - INFO - 📝 Successfully UPDATED document: madhubani
2025-07-11 16:07:05,648 - artform_uploader.uploader - INFO - UPDATED: madhubani (fields: banner_image_url, colours_used, heritage_level, materials_used, description, total_value_sold, artist_ids, name, category, total_unit_sold, artist_count, slug, origin_region, thumbnail_url, related_art_form_ids)
2025-07-11 16:07:05,665 - artform_uploader.database - INFO - 📝 Successfully UPDATED document: gond
2025-07-11 16:07:05,666 - artform_uploader.uploader - INFO - UPDATED: gond (fields: banner_image_url, colours_used, heritage_level, materials_used, description, total_value_sold, artist_ids, name, category, total_unit_sold, artist_count, slug, origin_region, thumbnail_url, related_art_form_ids)
2025-07-11 16:07:05,666 - artform_uploader.uploader - INFO - 
============================================================
2025-07-11 16:07:05,667 - artform_uploader.uploader - INFO - UPLOAD COMPLETED
2025-07-11 16:07:05,667 - artform_uploader.uploader - INFO - ============================================================
2025-07-11 16:07:05,667 - artform_uploader.uploader - INFO - Successfully processed: 5 records
2025-07-11 16:07:05,667 - artform_uploader.uploader - INFO - New documents CREATED: 0
2025-07-11 16:07:05,668 - artform_uploader.uploader - INFO - Existing documents UPDATED: 5
2025-07-11 16:07:05,668 - artform_uploader.uploader - INFO - Errors encountered: 0 records
2025-07-11 16:07:05,668 - artform_uploader.uploader - INFO - Skipped records: 0 records
2025-07-11 16:07:05,668 - artform_uploader.uploader - INFO - Total processed: 5 records
2025-07-11 16:07:05,669 - artform_uploader.uploader - INFO - Total duration: 0.91 seconds
2025-07-11 16:07:05,669 - artform_uploader.uploader - INFO - Average rate: 5.52 records/second
2025-07-11 16:07:05,669 - artform_uploader.uploader - INFO - Success rate: 100.0%
2025-07-11 16:07:05,670 - artform_uploader.uploader - INFO - Threading: Using 10 concurrent workers
2025-07-11 16:07:05,670 - artform_uploader.uploader - INFO - Batch size: 500 records per batch
2025-07-11 16:07:05,670 - artform_uploader - INFO - Upload completed successfully
