2025-07-11 16:17:28,363 - artform_uploader - INFO - Artform Upload System Starting...
2025-07-11 16:17:28,409 - artform_uploader.database - INFO - Firebase initialized successfully
2025-07-11 16:17:28,410 - artform_uploader.uploader - INFO - Starting artform upload process...
2025-07-11 16:17:28,410 - artform_uploader.uploader - INFO - Configuration: 10 threads, batch size: 500
2025-07-11 16:17:28,427 - artform_uploader.uploader - INFO - CSV contains the following fields: ['slug', 'name', 'description', 'origin_region', 'heritage_level', 'thumbnail_url', 'banner_image_url', 'category', 'materials_used', 'colours_used', 'related_art_form_ids', 'artist_ids', 'total_value_sold', 'artist_count', 'total_unit_sold']
2025-07-11 16:17:28,428 - artform_uploader.uploader - INFO - Total rows to process: 6
2025-07-11 16:17:28,429 - artform_uploader.csv_parser - INFO - Starting to parse CSV file: C:\Users\MY PC\OneDrive\Desktop\CODE\Python\Memeraki\artform\artforms.csv
2025-07-11 16:17:28,429 - artform_uploader.csv_parser - INFO - CSV headers found: ['slug', 'name', 'description', 'origin_region', 'heritage_level', 'thumbnail_url', 'banner_image_url', 'category', 'materials_used', 'colours_used', 'related_art_form_ids', 'artist_ids', 'total_value_sold', 'artist_count', 'total_unit_sold']
2025-07-11 16:17:28,430 - artform_uploader.uploader - INFO - Processing batch of 6 documents using 10 threads...
2025-07-11 16:17:28,435 - artform_uploader.uploader - INFO - Submitted 6 tasks to thread pool
2025-07-11 16:17:29,607 - artform_uploader.database - INFO - 📝 Successfully UPDATED document: kalamkari
2025-07-11 16:17:29,607 - artform_uploader.uploader - INFO - UPDATED: kalamkari (fields: heritage_level, thumbnail_url, name, category, artist_count, artist_ids, banner_image_url, colours_used, total_value_sold, related_art_form_ids, description, total_unit_sold, slug, origin_region)
2025-07-11 16:17:29,658 - artform_uploader.database - INFO - 📝 Successfully UPDATED document: gond
2025-07-11 16:17:29,658 - artform_uploader.uploader - INFO - UPDATED: gond (fields: heritage_level, thumbnail_url, name, category, artist_count, artist_ids, banner_image_url, colours_used, total_value_sold, related_art_form_ids, description, materials_used, slug, total_unit_sold, origin_region)
2025-07-11 16:17:29,695 - artform_uploader.database - INFO - 📝 Successfully UPDATED document: madhubani
2025-07-11 16:17:29,695 - artform_uploader.uploader - INFO - UPDATED: madhubani (fields: heritage_level, thumbnail_url, name, category, artist_count, artist_ids, banner_image_url, colours_used, total_value_sold, related_art_form_ids, description, materials_used, slug, total_unit_sold, origin_region)
2025-07-11 16:17:29,701 - artform_uploader.database - INFO - 📝 Successfully UPDATED document: pichwai
2025-07-11 16:17:29,702 - artform_uploader.uploader - INFO - UPDATED: pichwai (fields: heritage_level, thumbnail_url, name, category, artist_count, artist_ids, banner_image_url, colours_used, total_value_sold, related_art_form_ids, description, materials_used, slug, total_unit_sold, origin_region)
2025-07-11 16:17:29,705 - artform_uploader.database - INFO - 📝 Successfully UPDATED document: warli
2025-07-11 16:17:29,706 - artform_uploader.uploader - INFO - UPDATED: warli (fields: heritage_level, thumbnail_url, name, category, artist_count, artist_ids, banner_image_url, colours_used, total_value_sold, related_art_form_ids, description, materials_used, slug, total_unit_sold, origin_region)
2025-07-11 16:17:29,708 - artform_uploader.database - INFO - 📝 Successfully UPDATED document: pichwai
2025-07-11 16:17:29,709 - artform_uploader.uploader - INFO - UPDATED: pichwai (fields: heritage_level, thumbnail_url, name, category, artist_count, artist_ids, banner_image_url, colours_used, total_value_sold, related_art_form_ids, description, materials_used, slug, total_unit_sold, origin_region)
2025-07-11 16:17:29,710 - artform_uploader.uploader - INFO - 
============================================================
2025-07-11 16:17:29,710 - artform_uploader.uploader - INFO - UPLOAD COMPLETED
2025-07-11 16:17:29,710 - artform_uploader.uploader - INFO - ============================================================
2025-07-11 16:17:29,710 - artform_uploader.uploader - INFO - Successfully processed: 6 records
2025-07-11 16:17:29,711 - artform_uploader.uploader - INFO - New documents CREATED: 0
2025-07-11 16:17:29,711 - artform_uploader.uploader - INFO - Existing documents UPDATED: 6
2025-07-11 16:17:29,711 - artform_uploader.uploader - INFO - Errors encountered: 0 records
2025-07-11 16:17:29,711 - artform_uploader.uploader - INFO - Skipped records: 0 records
2025-07-11 16:17:29,712 - artform_uploader.uploader - INFO - Total processed: 6 records
2025-07-11 16:17:29,712 - artform_uploader.uploader - INFO - Total duration: 1.30 seconds
2025-07-11 16:17:29,712 - artform_uploader.uploader - INFO - Average rate: 4.61 records/second
2025-07-11 16:17:29,712 - artform_uploader.uploader - INFO - Success rate: 100.0%
2025-07-11 16:17:29,713 - artform_uploader.uploader - INFO - Threading: Using 10 concurrent workers
2025-07-11 16:17:29,713 - artform_uploader.uploader - INFO - Batch size: 500 records per batch
2025-07-11 16:17:29,713 - artform_uploader - INFO - Upload completed successfully
