2025-07-11 16:02:52,336 - artform_uploader - INFO - Artform Upload System Starting...
2025-07-11 16:02:52,382 - artform_uploader.database - INFO - Firebase initialized successfully
2025-07-11 16:02:52,383 - artform_uploader.uploader - INFO - Starting artform upload process...
2025-07-11 16:02:52,383 - artform_uploader.uploader - INFO - Configuration: 10 threads, batch size: 500
2025-07-11 16:02:52,386 - artform_uploader.uploader - INFO - CSV contains the following fields: ['slug', 'name', 'description', 'origin_region', 'heritage_level', 'thumbnail_url', 'banner_image_url', 'category', 'materials_used', 'colours_used', 'related_art_form_ids', 'artist_ids', 'total_value_sold', 'artist_count', 'total_unit_sold']
2025-07-11 16:02:52,388 - artform_uploader.uploader - INFO - Total rows to process: 5
2025-07-11 16:02:52,389 - artform_uploader.csv_parser - INFO - Starting to parse CSV file: C:\Users\MY PC\OneDrive\Desktop\CODE\Python\Memeraki\artform\artforms.csv
2025-07-11 16:02:52,389 - artform_uploader.csv_parser - INFO - CSV headers found: ['slug', 'name', 'description', 'origin_region', 'heritage_level', 'thumbnail_url', 'banner_image_url', 'category', 'materials_used', 'colours_used', 'related_art_form_ids', 'artist_ids', 'total_value_sold', 'artist_count', 'total_unit_sold']
2025-07-11 16:02:52,390 - artform_uploader.uploader - INFO - Processing batch of 5 documents using 10 threads...
2025-07-11 16:02:52,394 - artform_uploader.uploader - INFO - Submitted 5 tasks to thread pool
2025-07-11 16:02:53,217 - artform_uploader.database - INFO - 📝 Successfully UPDATED document: pichwai
2025-07-11 16:02:53,218 - artform_uploader.uploader - INFO - UPDATED: pichwai (fields: category, artist_ids, description, materials_used, slug, heritage_level, origin_region, total_unit_sold, colours_used, related_art_form_ids, banner_image_url, thumbnail_url, artist_count, total_value_sold)
2025-07-11 16:02:53,233 - artform_uploader.database - INFO - 📝 Successfully UPDATED document: madhubani
2025-07-11 16:02:53,234 - artform_uploader.uploader - INFO - UPDATED: madhubani (fields: category, artist_ids, description, materials_used, slug, heritage_level, related_art_form_ids, origin_region, total_unit_sold, colours_used, name, banner_image_url, thumbnail_url, artist_count, total_value_sold)
2025-07-11 16:02:53,240 - artform_uploader.database - INFO - 📝 Successfully UPDATED document: kalamkari
2025-07-11 16:02:53,240 - artform_uploader.uploader - INFO - UPDATED: kalamkari (fields: category, artist_ids, description, slug, heritage_level, related_art_form_ids, origin_region, total_unit_sold, colours_used, name, banner_image_url, thumbnail_url, artist_count, total_value_sold)
2025-07-11 16:02:53,252 - artform_uploader.database - INFO - 📝 Successfully UPDATED document: warli
2025-07-11 16:02:53,252 - artform_uploader.uploader - INFO - UPDATED: warli (fields: category, artist_ids, description, materials_used, slug, heritage_level, related_art_form_ids, origin_region, total_unit_sold, colours_used, name, banner_image_url, thumbnail_url, artist_count, total_value_sold)
2025-07-11 16:02:53,257 - artform_uploader.database - INFO - 📝 Successfully UPDATED document: gond
2025-07-11 16:02:53,258 - artform_uploader.uploader - INFO - UPDATED: gond (fields: category, artist_ids, description, materials_used, slug, heritage_level, related_art_form_ids, origin_region, total_unit_sold, colours_used, name, banner_image_url, thumbnail_url, artist_count, total_value_sold)
2025-07-11 16:02:53,258 - artform_uploader.uploader - INFO - 
============================================================
2025-07-11 16:02:53,259 - artform_uploader.uploader - INFO - UPLOAD COMPLETED
2025-07-11 16:02:53,259 - artform_uploader.uploader - INFO - ============================================================
2025-07-11 16:02:53,259 - artform_uploader.uploader - INFO - Successfully processed: 5 records
2025-07-11 16:02:53,259 - artform_uploader.uploader - INFO - New documents CREATED: 0
2025-07-11 16:02:53,259 - artform_uploader.uploader - INFO - Existing documents UPDATED: 5
2025-07-11 16:02:53,260 - artform_uploader.uploader - INFO - Errors encountered: 0 records
2025-07-11 16:02:53,260 - artform_uploader.uploader - INFO - Skipped records: 0 records
2025-07-11 16:02:53,260 - artform_uploader.uploader - INFO - Total processed: 5 records
2025-07-11 16:02:53,261 - artform_uploader.uploader - INFO - Total duration: 0.88 seconds
2025-07-11 16:02:53,261 - artform_uploader.uploader - INFO - Average rate: 5.69 records/second
2025-07-11 16:02:53,261 - artform_uploader.uploader - INFO - Success rate: 100.0%
2025-07-11 16:02:53,261 - artform_uploader.uploader - INFO - Threading: Using 10 concurrent workers
2025-07-11 16:02:53,261 - artform_uploader.uploader - INFO - Batch size: 500 records per batch
2025-07-11 16:02:53,262 - artform_uploader - INFO - Upload completed successfully
