2025-07-11 16:14:11,583 - artform_uploader - INFO - Artform Upload System Starting...
2025-07-11 16:14:11,629 - artform_uploader.database - INFO - Firebase initialized successfully
2025-07-11 16:14:11,629 - artform_uploader.uploader - INFO - Starting artform upload process...
2025-07-11 16:14:11,630 - artform_uploader.uploader - INFO - Configuration: 10 threads, batch size: 500
2025-07-11 16:14:11,647 - artform_uploader.uploader - INFO - CSV contains the following fields: ['slug', 'name', 'description', 'origin_region', 'heritage_level', 'thumbnail_url', 'banner_image_url', 'category', 'materials_used', 'colours_used', 'related_art_form_ids', 'artist_ids', 'total_value_sold', 'artist_count', 'total_unit_sold']
2025-07-11 16:14:11,648 - artform_uploader.uploader - INFO - Total rows to process: 5
2025-07-11 16:14:11,649 - artform_uploader.csv_parser - INFO - Starting to parse CSV file: C:\Users\MY PC\OneDrive\Desktop\CODE\Python\Memeraki\artform\artforms.csv
2025-07-11 16:14:11,649 - artform_uploader.csv_parser - INFO - CSV headers found: ['slug', 'name', 'description', 'origin_region', 'heritage_level', 'thumbnail_url', 'banner_image_url', 'category', 'materials_used', 'colours_used', 'related_art_form_ids', 'artist_ids', 'total_value_sold', 'artist_count', 'total_unit_sold']
2025-07-11 16:14:11,650 - artform_uploader.uploader - INFO - Processing batch of 5 documents using 10 threads...
2025-07-11 16:14:11,654 - artform_uploader.uploader - INFO - Submitted 5 tasks to thread pool
2025-07-11 16:14:13,161 - artform_uploader.database - INFO - 📝 Successfully UPDATED document: warli
2025-07-11 16:14:13,161 - artform_uploader.uploader - INFO - UPDATED: warli (fields: description, total_value_sold, artist_ids, related_art_form_ids, thumbnail_url, banner_image_url, category, slug, heritage_level, total_unit_sold, name, artist_count, materials_used, origin_region, colours_used)
2025-07-11 16:14:13,305 - artform_uploader.database - INFO - 📝 Successfully UPDATED document: gond
2025-07-11 16:14:13,305 - artform_uploader.database - INFO - 📝 Successfully UPDATED document: kalamkari
2025-07-11 16:14:13,306 - artform_uploader.database - INFO - 📝 Successfully UPDATED document: pichwai
2025-07-11 16:14:13,306 - artform_uploader.database - INFO - 📝 Successfully UPDATED document: madhubani
2025-07-11 16:14:13,306 - artform_uploader.uploader - INFO - UPDATED: gond (fields: description, total_value_sold, artist_ids, related_art_form_ids, thumbnail_url, banner_image_url, category, slug, heritage_level, total_unit_sold, name, artist_count, materials_used, origin_region, colours_used)
2025-07-11 16:14:13,307 - artform_uploader.uploader - INFO - UPDATED: kalamkari (fields: description, total_value_sold, artist_ids, related_art_form_ids, thumbnail_url, banner_image_url, category, slug, heritage_level, total_unit_sold, name, artist_count, origin_region, colours_used)
2025-07-11 16:14:13,307 - artform_uploader.uploader - INFO - UPDATED: pichwai (fields: description, total_value_sold, artist_ids, related_art_form_ids, thumbnail_url, banner_image_url, category, slug, heritage_level, total_unit_sold, name, artist_count, materials_used, origin_region, colours_used)
2025-07-11 16:14:13,307 - artform_uploader.uploader - INFO - UPDATED: madhubani (fields: description, total_value_sold, artist_ids, related_art_form_ids, thumbnail_url, banner_image_url, category, slug, heritage_level, total_unit_sold, name, artist_count, materials_used, origin_region, colours_used)
2025-07-11 16:14:13,308 - artform_uploader.uploader - INFO - 
============================================================
2025-07-11 16:14:13,308 - artform_uploader.uploader - INFO - UPLOAD COMPLETED
2025-07-11 16:14:13,308 - artform_uploader.uploader - INFO - ============================================================
2025-07-11 16:14:13,309 - artform_uploader.uploader - INFO - Successfully processed: 5 records
2025-07-11 16:14:13,309 - artform_uploader.uploader - INFO - New documents CREATED: 0
2025-07-11 16:14:13,309 - artform_uploader.uploader - INFO - Existing documents UPDATED: 5
2025-07-11 16:14:13,309 - artform_uploader.uploader - INFO - Errors encountered: 0 records
2025-07-11 16:14:13,309 - artform_uploader.uploader - INFO - Skipped records: 0 records
2025-07-11 16:14:13,310 - artform_uploader.uploader - INFO - Total processed: 5 records
2025-07-11 16:14:13,310 - artform_uploader.uploader - INFO - Total duration: 1.68 seconds
2025-07-11 16:14:13,310 - artform_uploader.uploader - INFO - Average rate: 2.97 records/second
2025-07-11 16:14:13,310 - artform_uploader.uploader - INFO - Success rate: 100.0%
2025-07-11 16:14:13,311 - artform_uploader.uploader - INFO - Threading: Using 10 concurrent workers
2025-07-11 16:14:13,311 - artform_uploader.uploader - INFO - Batch size: 500 records per batch
2025-07-11 16:14:13,311 - artform_uploader - INFO - Upload completed successfully
