2025-07-13 17:26:35,420 - artform_uploader - INFO - Artform Upload System Starting...
2025-07-13 17:26:35,458 - artform_uploader.database - INFO - Firebase initialized successfully
2025-07-13 17:26:35,458 - artform_uploader.uploader - INFO - Starting artform upload process...
2025-07-13 17:26:35,459 - artform_uploader.uploader - INFO - Configuration: 10 threads, batch size: 500
2025-07-13 17:26:35,461 - artform_uploader.uploader - INFO - CSV contains the following fields: ['slug', 'name', 'description', 'origin_region', 'heritage_level', 'thumbnail_url', 'banner_image_url', 'category', 'materials_used', 'colours_used', 'related_art_form_ids', 'artist_ids', 'total_value_sold', 'artist_count', 'total_unit_sold']
2025-07-13 17:26:35,462 - artform_uploader.uploader - INFO - Total rows to process: 5
2025-07-13 17:26:35,463 - artform_uploader.csv_parser - INFO - Starting to parse CSV file: C:\Users\MY PC\OneDrive\Desktop\CODE\Python\Memeraki\artform\artforms.csv
2025-07-13 17:26:35,463 - artform_uploader.csv_parser - INFO - CSV headers found: ['slug', 'name', 'description', 'origin_region', 'heritage_level', 'thumbnail_url', 'banner_image_url', 'category', 'materials_used', 'colours_used', 'related_art_form_ids', 'artist_ids', 'total_value_sold', 'artist_count', 'total_unit_sold']
2025-07-13 17:26:35,463 - artform_uploader.uploader - INFO - Processing batch of 5 documents using 10 threads...
2025-07-13 17:26:35,470 - artform_uploader.uploader - INFO - Submitted 5 tasks to thread pool
2025-07-13 17:26:36,694 - artform_uploader.database - INFO - 📝 Successfully UPDATED document: warli
2025-07-13 17:26:36,694 - artform_uploader.uploader - INFO - UPDATED: warli (fields: banner_image_url, related_art_form_ids, name, total_value_sold, thumbnail_url, total_unit_sold, artist_ids, heritage_level, description, category, materials_used, slug, origin_region, colours_used, artist_count)
2025-07-13 17:26:36,760 - artform_uploader.database - INFO - 📝 Successfully UPDATED document: pichwai
2025-07-13 17:26:36,761 - artform_uploader.uploader - INFO - UPDATED: pichwai (fields: banner_image_url, related_art_form_ids, name, total_value_sold, thumbnail_url, total_unit_sold, artist_ids, heritage_level, description, category, materials_used, slug, origin_region, colours_used, artist_count)
2025-07-13 17:26:36,785 - artform_uploader.database - INFO - 📝 Successfully UPDATED document: kalamkari
2025-07-13 17:26:36,785 - artform_uploader.database - INFO - 📝 Successfully UPDATED document: madhubani
2025-07-13 17:26:36,786 - artform_uploader.uploader - INFO - UPDATED: kalamkari (fields: banner_image_url, related_art_form_ids, name, total_value_sold, thumbnail_url, total_unit_sold, artist_ids, heritage_level, description, category, slug, origin_region, colours_used, artist_count)
2025-07-13 17:26:36,786 - artform_uploader.uploader - INFO - UPDATED: madhubani (fields: banner_image_url, related_art_form_ids, name, total_value_sold, thumbnail_url, total_unit_sold, artist_ids, heritage_level, description, category, materials_used, slug, origin_region, colours_used, artist_count)
2025-07-13 17:26:36,806 - artform_uploader.database - INFO - 📝 Successfully UPDATED document: gond
2025-07-13 17:26:36,806 - artform_uploader.uploader - INFO - UPDATED: gond (fields: banner_image_url, related_art_form_ids, name, total_value_sold, thumbnail_url, total_unit_sold, artist_ids, heritage_level, description, category, materials_used, slug, origin_region, colours_used, artist_count)
2025-07-13 17:26:36,807 - artform_uploader.uploader - INFO - 
============================================================
2025-07-13 17:26:36,807 - artform_uploader.uploader - INFO - UPLOAD COMPLETED
2025-07-13 17:26:36,807 - artform_uploader.uploader - INFO - ============================================================
2025-07-13 17:26:36,808 - artform_uploader.uploader - INFO - Successfully processed: 5 records
2025-07-13 17:26:36,808 - artform_uploader.uploader - INFO - New documents CREATED: 0
2025-07-13 17:26:36,808 - artform_uploader.uploader - INFO - Existing documents UPDATED: 5
2025-07-13 17:26:36,808 - artform_uploader.uploader - INFO - Errors encountered: 0 records
2025-07-13 17:26:36,808 - artform_uploader.uploader - INFO - Skipped records: 0 records
2025-07-13 17:26:36,809 - artform_uploader.uploader - INFO - Total processed: 5 records
2025-07-13 17:26:36,809 - artform_uploader.uploader - INFO - Total duration: 1.35 seconds
2025-07-13 17:26:36,809 - artform_uploader.uploader - INFO - Average rate: 3.70 records/second
2025-07-13 17:26:36,809 - artform_uploader.uploader - INFO - Success rate: 100.0%
2025-07-13 17:26:36,809 - artform_uploader.uploader - INFO - Threading: Using 10 concurrent workers
2025-07-13 17:26:36,810 - artform_uploader.uploader - INFO - Batch size: 500 records per batch
2025-07-13 17:26:36,810 - artform_uploader - INFO - Upload completed successfully
