2025-07-13 17:26:47,761 - artform_uploader - INFO - Artform Upload System Starting...
2025-07-13 17:26:47,798 - artform_uploader.database - INFO - Firebase initialized successfully
2025-07-13 17:26:47,799 - artform_uploader.uploader - INFO - Starting artform upload process...
2025-07-13 17:26:47,799 - artform_uploader.uploader - INFO - Configuration: 10 threads, batch size: 500
2025-07-13 17:26:47,802 - artform_uploader.uploader - INFO - CSV contains the following fields: ['slug', 'name', 'description', 'origin_region', 'heritage_level', 'thumbnail_url', 'banner_image_url', 'category', 'materials_used', 'colours_used', 'related_art_form_ids', 'artist_ids', 'total_value_sold', 'artist_count', 'total_unit_sold']
2025-07-13 17:26:47,803 - artform_uploader.uploader - INFO - Total rows to process: 5
2025-07-13 17:26:47,803 - artform_uploader.csv_parser - INFO - Starting to parse CSV file: C:\Users\MY PC\OneDrive\Desktop\CODE\Python\Memeraki\artform\artforms.csv
2025-07-13 17:26:47,803 - artform_uploader.csv_parser - INFO - CSV headers found: ['slug', 'name', 'description', 'origin_region', 'heritage_level', 'thumbnail_url', 'banner_image_url', 'category', 'materials_used', 'colours_used', 'related_art_form_ids', 'artist_ids', 'total_value_sold', 'artist_count', 'total_unit_sold']
2025-07-13 17:26:47,804 - artform_uploader.uploader - INFO - Processing batch of 5 documents using 10 threads...
2025-07-13 17:26:47,807 - artform_uploader.uploader - INFO - Submitted 5 tasks to thread pool
2025-07-13 17:26:48,969 - artform_uploader.database - INFO - 📝 Successfully UPDATED document: gond
2025-07-13 17:26:48,969 - artform_uploader.uploader - INFO - UPDATED: gond (fields: artist_ids, materials_used, origin_region, colours_used, total_unit_sold, name, slug, related_art_form_ids, total_value_sold, artist_count, description, thumbnail_url, heritage_level, banner_image_url, category)
2025-07-13 17:26:49,028 - artform_uploader.database - INFO - 📝 Successfully UPDATED document: kalamkari
2025-07-13 17:26:49,028 - artform_uploader.uploader - INFO - UPDATED: kalamkari (fields: artist_ids, origin_region, colours_used, total_unit_sold, name, slug, related_art_form_ids, total_value_sold, artist_count, description, thumbnail_url, heritage_level, banner_image_url, category)
2025-07-13 17:26:49,033 - artform_uploader.database - INFO - 📝 Successfully UPDATED document: pichwai
2025-07-13 17:26:49,034 - artform_uploader.uploader - INFO - UPDATED: pichwai (fields: artist_ids, materials_used, origin_region, colours_used, total_unit_sold, name, slug, related_art_form_ids, total_value_sold, artist_count, description, thumbnail_url, heritage_level, banner_image_url, category)
2025-07-13 17:26:49,037 - artform_uploader.database - INFO - 📝 Successfully UPDATED document: madhubani
2025-07-13 17:26:49,038 - artform_uploader.uploader - INFO - UPDATED: madhubani (fields: artist_ids, materials_used, origin_region, colours_used, total_unit_sold, name, slug, related_art_form_ids, total_value_sold, artist_count, description, thumbnail_url, heritage_level, banner_image_url, category)
2025-07-13 17:26:49,072 - artform_uploader.database - INFO - 📝 Successfully UPDATED document: warli
2025-07-13 17:26:49,072 - artform_uploader.uploader - INFO - UPDATED: warli (fields: artist_ids, materials_used, origin_region, colours_used, total_unit_sold, name, slug, related_art_form_ids, total_value_sold, artist_count, description, thumbnail_url, heritage_level, banner_image_url, category)
2025-07-13 17:26:49,073 - artform_uploader.uploader - INFO - 
============================================================
2025-07-13 17:26:49,073 - artform_uploader.uploader - INFO - UPLOAD COMPLETED
2025-07-13 17:26:49,073 - artform_uploader.uploader - INFO - ============================================================
2025-07-13 17:26:49,074 - artform_uploader.uploader - INFO - Successfully processed: 5 records
2025-07-13 17:26:49,074 - artform_uploader.uploader - INFO - New documents CREATED: 0
2025-07-13 17:26:49,074 - artform_uploader.uploader - INFO - Existing documents UPDATED: 5
2025-07-13 17:26:49,075 - artform_uploader.uploader - INFO - Errors encountered: 0 records
2025-07-13 17:26:49,075 - artform_uploader.uploader - INFO - Skipped records: 0 records
2025-07-13 17:26:49,075 - artform_uploader.uploader - INFO - Total processed: 5 records
2025-07-13 17:26:49,075 - artform_uploader.uploader - INFO - Total duration: 1.28 seconds
2025-07-13 17:26:49,076 - artform_uploader.uploader - INFO - Average rate: 3.92 records/second
2025-07-13 17:26:49,076 - artform_uploader.uploader - INFO - Success rate: 100.0%
2025-07-13 17:26:49,076 - artform_uploader.uploader - INFO - Threading: Using 10 concurrent workers
2025-07-13 17:26:49,076 - artform_uploader.uploader - INFO - Batch size: 500 records per batch
2025-07-13 17:26:49,076 - artform_uploader - INFO - Upload completed successfully
