2025-07-11 16:11:09,633 - artform_uploader - INFO - Artform Upload System Starting...
2025-07-11 16:11:09,680 - artform_uploader.database - INFO - Firebase initialized successfully
2025-07-11 16:11:09,681 - artform_uploader.uploader - INFO - Starting artform upload process...
2025-07-11 16:11:09,681 - artform_uploader.uploader - INFO - Configuration: 10 threads, batch size: 500
2025-07-11 16:11:09,700 - artform_uploader.uploader - INFO - CSV contains the following fields: ['slug', 'name', 'description', 'origin_region', 'heritage_level', 'thumbnail_url', 'banner_image_url', 'category', 'materials_used', 'colours_used', 'related_art_form_ids', 'artist_ids', 'total_value_sold', 'artist_count', 'total_unit_sold']
2025-07-11 16:11:09,702 - artform_uploader.uploader - INFO - Total rows to process: 5
2025-07-11 16:11:09,702 - artform_uploader.csv_parser - INFO - Starting to parse CSV file: C:\Users\MY PC\OneDrive\Desktop\CODE\Python\Memeraki\artform\artforms.csv
2025-07-11 16:11:09,703 - artform_uploader.csv_parser - INFO - CSV headers found: ['slug', 'name', 'description', 'origin_region', 'heritage_level', 'thumbnail_url', 'banner_image_url', 'category', 'materials_used', 'colours_used', 'related_art_form_ids', 'artist_ids', 'total_value_sold', 'artist_count', 'total_unit_sold']
2025-07-11 16:11:09,703 - artform_uploader.uploader - INFO - Processing batch of 5 documents using 10 threads...
2025-07-11 16:11:09,706 - artform_uploader.uploader - INFO - Submitted 5 tasks to thread pool
2025-07-11 16:11:10,561 - artform_uploader.database - INFO - 📝 Successfully UPDATED document: warli
2025-07-11 16:11:10,562 - artform_uploader.uploader - INFO - UPDATED: warli (fields: name, artist_count, total_value_sold, total_unit_sold, banner_image_url, colours_used, category, heritage_level, origin_region, materials_used, thumbnail_url, slug, description, artist_ids, related_art_form_ids)
2025-07-11 16:11:10,566 - artform_uploader.database - INFO - 📝 Successfully UPDATED document: gond
2025-07-11 16:11:10,567 - artform_uploader.uploader - INFO - UPDATED: gond (fields: name, artist_count, total_value_sold, total_unit_sold, banner_image_url, colours_used, category, heritage_level, origin_region, materials_used, thumbnail_url, slug, description, artist_ids, related_art_form_ids)
2025-07-11 16:11:10,571 - artform_uploader.database - INFO - 📝 Successfully UPDATED document: kalamkari
2025-07-11 16:11:10,572 - artform_uploader.uploader - INFO - UPDATED: kalamkari (fields: name, artist_count, total_value_sold, total_unit_sold, banner_image_url, colours_used, category, heritage_level, origin_region, materials_used, thumbnail_url, slug, description, artist_ids, related_art_form_ids)
2025-07-11 16:11:10,575 - artform_uploader.database - INFO - 📝 Successfully UPDATED document: madhubani
2025-07-11 16:11:10,575 - artform_uploader.uploader - INFO - UPDATED: madhubani (fields: name, artist_count, total_value_sold, total_unit_sold, banner_image_url, colours_used, category, heritage_level, origin_region, materials_used, thumbnail_url, slug, description, artist_ids, related_art_form_ids)
2025-07-11 16:11:10,597 - artform_uploader.database - INFO - 📝 Successfully UPDATED document: kalamkari
2025-07-11 16:11:10,597 - artform_uploader.uploader - INFO - UPDATED: kalamkari (fields: name, artist_count, total_value_sold, total_unit_sold, banner_image_url, colours_used, category, heritage_level, origin_region, thumbnail_url, slug, description, artist_ids, related_art_form_ids)
2025-07-11 16:11:10,598 - artform_uploader.uploader - INFO - 
============================================================
2025-07-11 16:11:10,598 - artform_uploader.uploader - INFO - UPLOAD COMPLETED
2025-07-11 16:11:10,599 - artform_uploader.uploader - INFO - ============================================================
2025-07-11 16:11:10,599 - artform_uploader.uploader - INFO - Successfully processed: 5 records
2025-07-11 16:11:10,599 - artform_uploader.uploader - INFO - New documents CREATED: 0
2025-07-11 16:11:10,599 - artform_uploader.uploader - INFO - Existing documents UPDATED: 5
2025-07-11 16:11:10,600 - artform_uploader.uploader - INFO - Errors encountered: 0 records
2025-07-11 16:11:10,600 - artform_uploader.uploader - INFO - Skipped records: 0 records
2025-07-11 16:11:10,600 - artform_uploader.uploader - INFO - Total processed: 5 records
2025-07-11 16:11:10,600 - artform_uploader.uploader - INFO - Total duration: 0.92 seconds
2025-07-11 16:11:10,601 - artform_uploader.uploader - INFO - Average rate: 5.43 records/second
2025-07-11 16:11:10,601 - artform_uploader.uploader - INFO - Success rate: 100.0%
2025-07-11 16:11:10,601 - artform_uploader.uploader - INFO - Threading: Using 10 concurrent workers
2025-07-11 16:11:10,601 - artform_uploader.uploader - INFO - Batch size: 500 records per batch
2025-07-11 16:11:10,602 - artform_uploader - INFO - Upload completed successfully
