2025-07-09 22:16:00,371 - artform_uploader - INFO - Artform Upload System Starting...
2025-07-09 22:16:00,415 - artform_uploader.database - INFO - Firebase initialized successfully
2025-07-09 22:16:00,416 - artform_uploader.uploader - INFO - Starting artform upload process...
2025-07-09 22:16:00,416 - artform_uploader.uploader - INFO - Configuration: 10 threads, batch size: 500
2025-07-09 22:16:00,439 - artform_uploader.uploader - INFO - CSV contains the following fields: ['slug', 'name', 'description', 'origin_region', 'heritage_level', 'thumbnail_url', 'banner_image_url', 'category', 'materials_used', 'colours_used', 'related_art_form_ids', 'artist_ids', 'total_value_sold', 'artist_count', 'total_unit_sold']
2025-07-09 22:16:00,440 - artform_uploader.uploader - INFO - Total rows to process: 5
2025-07-09 22:16:00,441 - artform_uploader.csv_parser - INFO - Starting to parse CSV file: C:\Users\MY PC\OneDrive\Desktop\CODE\Python\memeraki2\artformdb_memeraki\artforms.csv
2025-07-09 22:16:00,441 - artform_uploader.csv_parser - INFO - CSV headers found: ['slug', 'name', 'description', 'origin_region', 'heritage_level', 'thumbnail_url', 'banner_image_url', 'category', 'materials_used', 'colours_used', 'related_art_form_ids', 'artist_ids', 'total_value_sold', 'artist_count', 'total_unit_sold']
2025-07-09 22:16:00,442 - artform_uploader.uploader - INFO - Processing batch of 5 documents using 10 threads...
2025-07-09 22:16:00,445 - artform_uploader.uploader - INFO - Submitted 5 tasks to thread pool
2025-07-09 22:16:01,638 - artform_uploader.database - INFO - 📝 Successfully UPDATED document: warli
2025-07-09 22:16:01,639 - artform_uploader.uploader - INFO - UPDATED: warli (fields: thumbnail_url, category, name, origin_region, artist_count, artist_ids, total_value_sold, materials_used, slug, heritage_level, banner_image_url, related_art_form_ids, colours_used, total_unit_sold, description)
2025-07-09 22:16:01,721 - artform_uploader.database - INFO - 📝 Successfully UPDATED document: madhubani
2025-07-09 22:16:01,722 - artform_uploader.uploader - INFO - UPDATED: madhubani (fields: thumbnail_url, category, name, origin_region, artist_count, artist_ids, total_value_sold, materials_used, slug, heritage_level, banner_image_url, related_art_form_ids, colours_used, total_unit_sold, description)
2025-07-09 22:16:01,727 - artform_uploader.database - INFO - 📝 Successfully UPDATED document: gond
2025-07-09 22:16:01,728 - artform_uploader.uploader - INFO - UPDATED: gond (fields: thumbnail_url, category, name, origin_region, artist_count, artist_ids, total_value_sold, materials_used, slug, heritage_level, banner_image_url, related_art_form_ids, colours_used, total_unit_sold, description)
2025-07-09 22:16:01,759 - artform_uploader.database - INFO - 📝 Successfully UPDATED document: pichwai
2025-07-09 22:16:01,759 - artform_uploader.database - INFO - 📝 Successfully UPDATED document: kalamkari
2025-07-09 22:16:01,759 - artform_uploader.uploader - INFO - UPDATED: pichwai (fields: thumbnail_url, category, name, origin_region, artist_count, artist_ids, total_value_sold, materials_used, slug, heritage_level, banner_image_url, related_art_form_ids, colours_used, total_unit_sold, description)
2025-07-09 22:16:01,760 - artform_uploader.uploader - INFO - UPDATED: kalamkari (fields: thumbnail_url, category, name, origin_region, artist_count, artist_ids, total_value_sold, slug, heritage_level, banner_image_url, related_art_form_ids, colours_used, total_unit_sold, description)
2025-07-09 22:16:01,760 - artform_uploader.uploader - INFO - 
============================================================
2025-07-09 22:16:01,760 - artform_uploader.uploader - INFO - UPLOAD COMPLETED
2025-07-09 22:16:01,761 - artform_uploader.uploader - INFO - ============================================================
2025-07-09 22:16:01,761 - artform_uploader.uploader - INFO - Successfully processed: 5 records
2025-07-09 22:16:01,761 - artform_uploader.uploader - INFO - New documents CREATED: 0
2025-07-09 22:16:01,761 - artform_uploader.uploader - INFO - Existing documents UPDATED: 5
2025-07-09 22:16:01,761 - artform_uploader.uploader - INFO - Errors encountered: 0 records
2025-07-09 22:16:01,762 - artform_uploader.uploader - INFO - Skipped records: 0 records
2025-07-09 22:16:01,762 - artform_uploader.uploader - INFO - Total processed: 5 records
2025-07-09 22:16:01,762 - artform_uploader.uploader - INFO - Total duration: 1.35 seconds
2025-07-09 22:16:01,762 - artform_uploader.uploader - INFO - Average rate: 3.71 records/second
2025-07-09 22:16:01,762 - artform_uploader.uploader - INFO - Success rate: 100.0%
2025-07-09 22:16:01,762 - artform_uploader.uploader - INFO - Threading: Using 10 concurrent workers
2025-07-09 22:16:01,762 - artform_uploader.uploader - INFO - Batch size: 500 records per batch
2025-07-09 22:16:01,763 - artform_uploader - INFO - Upload completed successfully
