2025-07-11 16:08:55,483 - artform_uploader - INFO - Artform Upload System Starting...
2025-07-11 16:08:55,530 - artform_uploader.database - INFO - Firebase initialized successfully
2025-07-11 16:08:55,531 - artform_uploader.uploader - INFO - Starting artform upload process...
2025-07-11 16:08:55,531 - artform_uploader.uploader - INFO - Configuration: 10 threads, batch size: 500
2025-07-11 16:08:55,534 - artform_uploader.uploader - INFO - CSV contains the following fields: ['slug', 'name', 'description', 'origin_region', 'heritage_level', 'thumbnail_url', 'banner_image_url', 'category', 'materials_used', 'colours_used', 'related_art_form_ids', 'artist_ids', 'total_value_sold', 'artist_count', 'total_unit_sold']
2025-07-11 16:08:55,536 - artform_uploader.uploader - INFO - Total rows to process: 5
2025-07-11 16:08:55,536 - artform_uploader.csv_parser - INFO - Starting to parse CSV file: C:\Users\MY PC\OneDrive\Desktop\CODE\Python\Memeraki\artform\artforms.csv
2025-07-11 16:08:55,537 - artform_uploader.csv_parser - INFO - CSV headers found: ['slug', 'name', 'description', 'origin_region', 'heritage_level', 'thumbnail_url', 'banner_image_url', 'category', 'materials_used', 'colours_used', 'related_art_form_ids', 'artist_ids', 'total_value_sold', 'artist_count', 'total_unit_sold']
2025-07-11 16:08:55,538 - artform_uploader.uploader - INFO - Processing batch of 5 documents using 10 threads...
2025-07-11 16:08:55,541 - artform_uploader.uploader - INFO - Submitted 5 tasks to thread pool
2025-07-11 16:08:56,474 - artform_uploader.database - INFO - 📝 Successfully UPDATED document: madhubani
2025-07-11 16:08:56,475 - artform_uploader.uploader - INFO - UPDATED: madhubani (fields: related_art_form_ids, slug, colours_used, artist_count, thumbnail_url, artist_ids, category, heritage_level, origin_region, total_value_sold, description, name, materials_used, banner_image_url, total_unit_sold)
2025-07-11 16:08:56,505 - artform_uploader.database - INFO - 📝 Successfully UPDATED document: pichwai
2025-07-11 16:08:56,505 - artform_uploader.uploader - INFO - UPDATED: pichwai (fields: related_art_form_ids, slug, colours_used, artist_count, thumbnail_url, artist_ids, category, heritage_level, origin_region, total_value_sold, description, name, materials_used, banner_image_url, total_unit_sold)
2025-07-11 16:08:56,522 - artform_uploader.database - INFO - 📝 Successfully UPDATED document: kalamkari
2025-07-11 16:08:56,522 - artform_uploader.uploader - INFO - UPDATED: kalamkari (fields: related_art_form_ids, slug, colours_used, artist_count, thumbnail_url, artist_ids, category, heritage_level, origin_region, total_value_sold, description, name, banner_image_url, total_unit_sold)
2025-07-11 16:08:56,540 - artform_uploader.database - INFO - 📝 Successfully UPDATED document: gond
2025-07-11 16:08:56,540 - artform_uploader.uploader - INFO - UPDATED: gond (fields: related_art_form_ids, slug, colours_used, artist_count, thumbnail_url, artist_ids, category, heritage_level, origin_region, total_value_sold, description, name, materials_used, banner_image_url, total_unit_sold)
2025-07-11 16:08:56,552 - artform_uploader.database - INFO - 📝 Successfully UPDATED document: warli
2025-07-11 16:08:56,553 - artform_uploader.uploader - INFO - UPDATED: warli (fields: related_art_form_ids, slug, colours_used, artist_count, thumbnail_url, artist_ids, category, heritage_level, origin_region, total_value_sold, description, name, materials_used, banner_image_url, total_unit_sold)
2025-07-11 16:08:56,554 - artform_uploader.uploader - INFO - 
============================================================
2025-07-11 16:08:56,554 - artform_uploader.uploader - INFO - UPLOAD COMPLETED
2025-07-11 16:08:56,554 - artform_uploader.uploader - INFO - ============================================================
2025-07-11 16:08:56,554 - artform_uploader.uploader - INFO - Successfully processed: 5 records
2025-07-11 16:08:56,555 - artform_uploader.uploader - INFO - New documents CREATED: 0
2025-07-11 16:08:56,555 - artform_uploader.uploader - INFO - Existing documents UPDATED: 5
2025-07-11 16:08:56,555 - artform_uploader.uploader - INFO - Errors encountered: 0 records
2025-07-11 16:08:56,555 - artform_uploader.uploader - INFO - Skipped records: 0 records
2025-07-11 16:08:56,556 - artform_uploader.uploader - INFO - Total processed: 5 records
2025-07-11 16:08:56,556 - artform_uploader.uploader - INFO - Total duration: 1.03 seconds
2025-07-11 16:08:56,556 - artform_uploader.uploader - INFO - Average rate: 4.88 records/second
2025-07-11 16:08:56,556 - artform_uploader.uploader - INFO - Success rate: 100.0%
2025-07-11 16:08:56,557 - artform_uploader.uploader - INFO - Threading: Using 10 concurrent workers
2025-07-11 16:08:56,557 - artform_uploader.uploader - INFO - Batch size: 500 records per batch
2025-07-11 16:08:56,557 - artform_uploader - INFO - Upload completed successfully
