2025-07-11 16:09:45,294 - artform_uploader - INFO - Artform Upload System Starting...
2025-07-11 16:09:45,341 - artform_uploader.database - INFO - Firebase initialized successfully
2025-07-11 16:09:45,342 - artform_uploader.uploader - INFO - Starting artform upload process...
2025-07-11 16:09:45,342 - artform_uploader.uploader - INFO - Configuration: 10 threads, batch size: 500
2025-07-11 16:09:45,360 - artform_uploader.uploader - INFO - CSV contains the following fields: ['slug', 'name', 'description', 'origin_region', 'heritage_level', 'thumbnail_url', 'banner_image_url', 'category', 'materials_used', 'colours_used', 'related_art_form_ids', 'artist_ids', 'total_value_sold', 'artist_count', 'total_unit_sold']
2025-07-11 16:09:45,361 - artform_uploader.uploader - INFO - Total rows to process: 5
2025-07-11 16:09:45,361 - artform_uploader.csv_parser - INFO - Starting to parse CSV file: C:\Users\MY PC\OneDrive\Desktop\CODE\Python\Memeraki\artform\artforms.csv
2025-07-11 16:09:45,362 - artform_uploader.csv_parser - INFO - CSV headers found: ['slug', 'name', 'description', 'origin_region', 'heritage_level', 'thumbnail_url', 'banner_image_url', 'category', 'materials_used', 'colours_used', 'related_art_form_ids', 'artist_ids', 'total_value_sold', 'artist_count', 'total_unit_sold']
2025-07-11 16:09:45,363 - artform_uploader.uploader - INFO - Processing batch of 5 documents using 10 threads...
2025-07-11 16:09:45,367 - artform_uploader.uploader - INFO - Submitted 5 tasks to thread pool
2025-07-11 16:09:46,625 - artform_uploader.database - INFO - 📝 Successfully UPDATED document: warli
2025-07-11 16:09:46,626 - artform_uploader.database - INFO - 📝 Successfully UPDATED document: gond
2025-07-11 16:09:46,626 - artform_uploader.database - INFO - 📝 Successfully UPDATED document: madhubani
2025-07-11 16:09:46,627 - artform_uploader.database - INFO - 📝 Successfully UPDATED document: pichwai
2025-07-11 16:09:46,627 - artform_uploader.database - INFO - 📝 Successfully UPDATED document: kalamkari
2025-07-11 16:09:46,627 - artform_uploader.uploader - INFO - UPDATED: warli (fields: artist_ids, thumbnail_url, category, origin_region, colours_used, slug, banner_image_url, artist_count, heritage_level, description, materials_used, related_art_form_ids, total_unit_sold, total_value_sold, name)
2025-07-11 16:09:46,628 - artform_uploader.uploader - INFO - UPDATED: gond (fields: artist_ids, thumbnail_url, category, origin_region, colours_used, slug, banner_image_url, artist_count, heritage_level, description, materials_used, related_art_form_ids, total_unit_sold, total_value_sold, name)
2025-07-11 16:09:46,628 - artform_uploader.uploader - INFO - UPDATED: madhubani (fields: artist_ids, thumbnail_url, category, origin_region, colours_used, slug, banner_image_url, artist_count, heritage_level, description, materials_used, related_art_form_ids, total_unit_sold, total_value_sold, name)
2025-07-11 16:09:46,629 - artform_uploader.uploader - INFO - UPDATED: pichwai (fields: artist_ids, thumbnail_url, category, origin_region, colours_used, slug, banner_image_url, artist_count, heritage_level, description, materials_used, related_art_form_ids, total_unit_sold, total_value_sold, name)
2025-07-11 16:09:46,629 - artform_uploader.uploader - INFO - UPDATED: kalamkari (fields: artist_ids, thumbnail_url, category, origin_region, colours_used, slug, banner_image_url, artist_count, heritage_level, description, related_art_form_ids, total_unit_sold, total_value_sold, name)
2025-07-11 16:09:46,630 - artform_uploader.uploader - INFO - 
============================================================
2025-07-11 16:09:46,630 - artform_uploader.uploader - INFO - UPLOAD COMPLETED
2025-07-11 16:09:46,630 - artform_uploader.uploader - INFO - ============================================================
2025-07-11 16:09:46,630 - artform_uploader.uploader - INFO - Successfully processed: 5 records
2025-07-11 16:09:46,631 - artform_uploader.uploader - INFO - New documents CREATED: 0
2025-07-11 16:09:46,631 - artform_uploader.uploader - INFO - Existing documents UPDATED: 5
2025-07-11 16:09:46,631 - artform_uploader.uploader - INFO - Errors encountered: 0 records
2025-07-11 16:09:46,631 - artform_uploader.uploader - INFO - Skipped records: 0 records
2025-07-11 16:09:46,632 - artform_uploader.uploader - INFO - Total processed: 5 records
2025-07-11 16:09:46,632 - artform_uploader.uploader - INFO - Total duration: 1.29 seconds
2025-07-11 16:09:46,632 - artform_uploader.uploader - INFO - Average rate: 3.87 records/second
2025-07-11 16:09:46,633 - artform_uploader.uploader - INFO - Success rate: 100.0%
2025-07-11 16:09:46,633 - artform_uploader.uploader - INFO - Threading: Using 10 concurrent workers
2025-07-11 16:09:46,633 - artform_uploader.uploader - INFO - Batch size: 500 records per batch
2025-07-11 16:09:46,634 - artform_uploader - INFO - Upload completed successfully
