2025-07-11 16:12:47,433 - artform_uploader - INFO - Artform Upload System Starting...
2025-07-11 16:12:47,478 - artform_uploader.database - INFO - Firebase initialized successfully
2025-07-11 16:12:47,478 - artform_uploader.uploader - INFO - Starting artform upload process...
2025-07-11 16:12:47,479 - artform_uploader.uploader - INFO - Configuration: 10 threads, batch size: 500
2025-07-11 16:12:47,495 - artform_uploader.uploader - INFO - CSV contains the following fields: ['slug', 'name', 'description', 'origin_region', 'heritage_level', 'thumbnail_url', 'banner_image_url', 'category', 'materials_used', 'colours_used', 'related_art_form_ids', 'artist_ids', 'total_value_sold', 'artist_count', 'total_unit_sold']
2025-07-11 16:12:47,497 - artform_uploader.uploader - INFO - Total rows to process: 5
2025-07-11 16:12:47,497 - artform_uploader.csv_parser - INFO - Starting to parse CSV file: C:\Users\MY PC\OneDrive\Desktop\CODE\Python\Memeraki\artform\artforms.csv
2025-07-11 16:12:47,497 - artform_uploader.csv_parser - INFO - CSV headers found: ['slug', 'name', 'description', 'origin_region', 'heritage_level', 'thumbnail_url', 'banner_image_url', 'category', 'materials_used', 'colours_used', 'related_art_form_ids', 'artist_ids', 'total_value_sold', 'artist_count', 'total_unit_sold']
2025-07-11 16:12:47,498 - artform_uploader.uploader - INFO - Processing batch of 5 documents using 10 threads...
2025-07-11 16:12:47,503 - artform_uploader.uploader - INFO - Submitted 5 tasks to thread pool
2025-07-11 16:12:48,521 - artform_uploader.database - INFO - 📝 Successfully UPDATED document: warli
2025-07-11 16:12:48,522 - artform_uploader.uploader - INFO - UPDATED: warli (fields: total_unit_sold, colours_used, banner_image_url, thumbnail_url, artist_count, artist_ids, related_art_form_ids, category, name, description, slug, total_value_sold, materials_used, origin_region, heritage_level)
2025-07-11 16:12:48,642 - artform_uploader.database - INFO - 📝 Successfully UPDATED document: madhubani
2025-07-11 16:12:48,642 - artform_uploader.uploader - INFO - UPDATED: madhubani (fields: total_unit_sold, colours_used, banner_image_url, thumbnail_url, artist_count, artist_ids, related_art_form_ids, category, name, description, slug, total_value_sold, materials_used, origin_region, heritage_level)
2025-07-11 16:12:48,650 - artform_uploader.database - INFO - 📝 Successfully UPDATED document: kalamkari
2025-07-11 16:12:48,650 - artform_uploader.uploader - INFO - UPDATED: kalamkari (fields: total_unit_sold, banner_image_url, thumbnail_url, artist_count, artist_ids, related_art_form_ids, category, name, description, slug, total_value_sold, colours_used, origin_region, heritage_level)
2025-07-11 16:12:48,652 - artform_uploader.database - INFO - 📝 Successfully UPDATED document: gond
2025-07-11 16:12:48,652 - artform_uploader.uploader - INFO - UPDATED: gond (fields: total_unit_sold, colours_used, banner_image_url, thumbnail_url, artist_count, artist_ids, related_art_form_ids, category, name, description, slug, total_value_sold, materials_used, origin_region, heritage_level)
2025-07-11 16:12:48,692 - artform_uploader.database - INFO - 📝 Successfully UPDATED document: pichwai
2025-07-11 16:12:48,692 - artform_uploader.uploader - INFO - UPDATED: pichwai (fields: colours_used, banner_image_url, thumbnail_url, artist_ids, related_art_form_ids, category, name, description, slug, total_value_sold, materials_used, origin_region, heritage_level)
2025-07-11 16:12:48,693 - artform_uploader.uploader - INFO - 
============================================================
2025-07-11 16:12:48,693 - artform_uploader.uploader - INFO - UPLOAD COMPLETED
2025-07-11 16:12:48,694 - artform_uploader.uploader - INFO - ============================================================
2025-07-11 16:12:48,694 - artform_uploader.uploader - INFO - Successfully processed: 5 records
2025-07-11 16:12:48,694 - artform_uploader.uploader - INFO - New documents CREATED: 0
2025-07-11 16:12:48,694 - artform_uploader.uploader - INFO - Existing documents UPDATED: 5
2025-07-11 16:12:48,695 - artform_uploader.uploader - INFO - Errors encountered: 0 records
2025-07-11 16:12:48,695 - artform_uploader.uploader - INFO - Skipped records: 0 records
2025-07-11 16:12:48,695 - artform_uploader.uploader - INFO - Total processed: 5 records
2025-07-11 16:12:48,695 - artform_uploader.uploader - INFO - Total duration: 1.22 seconds
2025-07-11 16:12:48,695 - artform_uploader.uploader - INFO - Average rate: 4.11 records/second
2025-07-11 16:12:48,696 - artform_uploader.uploader - INFO - Success rate: 100.0%
2025-07-11 16:12:48,696 - artform_uploader.uploader - INFO - Threading: Using 10 concurrent workers
2025-07-11 16:12:48,696 - artform_uploader.uploader - INFO - Batch size: 500 records per batch
2025-07-11 16:12:48,696 - artform_uploader - INFO - Upload completed successfully
