2025-07-11 16:05:24,397 - artform_uploader - INFO - Artform Upload System Starting...
2025-07-11 16:05:24,443 - artform_uploader.database - INFO - Firebase initialized successfully
2025-07-11 16:05:24,444 - artform_uploader.uploader - INFO - Starting artform upload process...
2025-07-11 16:05:24,445 - artform_uploader.uploader - INFO - Configuration: 10 threads, batch size: 500
2025-07-11 16:05:24,460 - artform_uploader.uploader - INFO - CSV contains the following fields: ['slug', 'name', 'description', 'origin_region', 'heritage_level', 'thumbnail_url', 'banner_image_url', 'category', 'materials_used', 'colours_used', 'related_art_form_ids', 'artist_ids', 'total_value_sold', 'artist_count', 'total_unit_sold']
2025-07-11 16:05:24,461 - artform_uploader.uploader - INFO - Total rows to process: 5
2025-07-11 16:05:24,461 - artform_uploader.csv_parser - INFO - Starting to parse CSV file: C:\Users\MY PC\OneDrive\Desktop\CODE\Python\Memeraki\artform\artforms.csv
2025-07-11 16:05:24,462 - artform_uploader.csv_parser - INFO - CSV headers found: ['slug', 'name', 'description', 'origin_region', 'heritage_level', 'thumbnail_url', 'banner_image_url', 'category', 'materials_used', 'colours_used', 'related_art_form_ids', 'artist_ids', 'total_value_sold', 'artist_count', 'total_unit_sold']
2025-07-11 16:05:24,462 - artform_uploader.uploader - INFO - Processing batch of 5 documents using 10 threads...
2025-07-11 16:05:24,467 - artform_uploader.uploader - INFO - Submitted 5 tasks to thread pool
2025-07-11 16:05:25,294 - artform_uploader.database - INFO - 📝 Successfully UPDATED document: madhubani
2025-07-11 16:05:25,294 - artform_uploader.uploader - INFO - UPDATED: madhubani (fields: name, slug, thumbnail_url, artist_count, total_unit_sold, heritage_level, description, related_art_form_ids, category, colours_used, banner_image_url, origin_region, artist_ids, total_value_sold, materials_used)
2025-07-11 16:05:25,314 - artform_uploader.database - INFO - 📝 Successfully UPDATED document: gond
2025-07-11 16:05:25,314 - artform_uploader.uploader - INFO - UPDATED: gond (fields: name, slug, thumbnail_url, artist_count, total_unit_sold, heritage_level, description, related_art_form_ids, category, colours_used, banner_image_url, origin_region, artist_ids, total_value_sold, materials_used)
2025-07-11 16:05:25,326 - artform_uploader.database - INFO - 📝 Successfully CREATED document: Pichwai
2025-07-11 16:05:25,326 - artform_uploader.uploader - INFO - CREATED: Pichwai (fields: name, slug, thumbnail_url, artist_count, total_unit_sold, heritage_level, description, related_art_form_ids, category, colours_used, banner_image_url, origin_region, artist_ids, total_value_sold, materials_used)
2025-07-11 16:05:25,362 - artform_uploader.database - INFO - 📝 Successfully UPDATED document: kalamkari
2025-07-11 16:05:25,362 - artform_uploader.uploader - INFO - UPDATED: kalamkari (fields: name, slug, thumbnail_url, artist_count, total_unit_sold, heritage_level, description, category, colours_used, banner_image_url, origin_region, artist_ids, total_value_sold, related_art_form_ids)
2025-07-11 16:05:25,379 - artform_uploader.database - INFO - 📝 Successfully UPDATED document: warli
2025-07-11 16:05:25,380 - artform_uploader.uploader - INFO - UPDATED: warli (fields: name, slug, thumbnail_url, artist_count, total_unit_sold, heritage_level, description, related_art_form_ids, category, colours_used, banner_image_url, origin_region, artist_ids, total_value_sold, materials_used)
2025-07-11 16:05:25,381 - artform_uploader.uploader - INFO - 
============================================================
2025-07-11 16:05:25,381 - artform_uploader.uploader - INFO - UPLOAD COMPLETED
2025-07-11 16:05:25,381 - artform_uploader.uploader - INFO - ============================================================
2025-07-11 16:05:25,382 - artform_uploader.uploader - INFO - Successfully processed: 5 records
2025-07-11 16:05:25,382 - artform_uploader.uploader - INFO - New documents CREATED: 1
2025-07-11 16:05:25,382 - artform_uploader.uploader - INFO - Existing documents UPDATED: 4
2025-07-11 16:05:25,382 - artform_uploader.uploader - INFO - Errors encountered: 0 records
2025-07-11 16:05:25,383 - artform_uploader.uploader - INFO - Skipped records: 0 records
2025-07-11 16:05:25,383 - artform_uploader.uploader - INFO - Total processed: 5 records
2025-07-11 16:05:25,383 - artform_uploader.uploader - INFO - Total duration: 0.94 seconds
2025-07-11 16:05:25,383 - artform_uploader.uploader - INFO - Average rate: 5.32 records/second
2025-07-11 16:05:25,384 - artform_uploader.uploader - INFO - Success rate: 100.0%
2025-07-11 16:05:25,384 - artform_uploader.uploader - INFO - Threading: Using 10 concurrent workers
2025-07-11 16:05:25,384 - artform_uploader.uploader - INFO - Batch size: 500 records per batch
2025-07-11 16:05:25,385 - artform_uploader - INFO - Upload completed successfully
