2025-07-11 16:12:28,092 - artform_uploader - INFO - Artform Upload System Starting...
2025-07-11 16:12:28,138 - artform_uploader.database - INFO - Firebase initialized successfully
2025-07-11 16:12:28,138 - artform_uploader.uploader - INFO - Starting artform upload process...
2025-07-11 16:12:28,139 - artform_uploader.uploader - INFO - Configuration: 10 threads, batch size: 500
2025-07-11 16:12:28,155 - artform_uploader.uploader - INFO - CSV contains the following fields: ['slug', 'name', 'description', 'origin_region', 'heritage_level', 'thumbnail_url', 'banner_image_url', 'category', 'materials_used', 'colours_used', 'related_art_form_ids', 'artist_ids', 'total_value_sold', 'artist_count', 'total_unit_sold']
2025-07-11 16:12:28,158 - artform_uploader.uploader - INFO - Total rows to process: 5
2025-07-11 16:12:28,159 - artform_uploader.csv_parser - INFO - Starting to parse CSV file: C:\Users\MY PC\OneDrive\Desktop\CODE\Python\Memeraki\artform\artforms.csv
2025-07-11 16:12:28,159 - artform_uploader.csv_parser - INFO - CSV headers found: ['slug', 'name', 'description', 'origin_region', 'heritage_level', 'thumbnail_url', 'banner_image_url', 'category', 'materials_used', 'colours_used', 'related_art_form_ids', 'artist_ids', 'total_value_sold', 'artist_count', 'total_unit_sold']
2025-07-11 16:12:28,160 - artform_uploader.uploader - INFO - Processing batch of 5 documents using 10 threads...
2025-07-11 16:12:28,165 - artform_uploader.uploader - INFO - Submitted 5 tasks to thread pool
2025-07-11 16:12:29,279 - artform_uploader.database - INFO - 📝 Successfully UPDATED document: gond
2025-07-11 16:12:29,280 - artform_uploader.uploader - INFO - UPDATED: gond (fields: colours_used, slug, artist_ids, origin_region, materials_used, thumbnail_url, description, category, name, related_art_form_ids, total_value_sold, artist_count, banner_image_url, total_unit_sold, heritage_level)
2025-07-11 16:12:29,302 - artform_uploader.database - INFO - 📝 Successfully UPDATED document: warli
2025-07-11 16:12:29,302 - artform_uploader.uploader - INFO - UPDATED: warli (fields: colours_used, slug, artist_ids, origin_region, materials_used, thumbnail_url, description, category, name, related_art_form_ids, total_value_sold, artist_count, banner_image_url, total_unit_sold, heritage_level)
2025-07-11 16:12:29,323 - artform_uploader.database - INFO - 📝 Successfully UPDATED document: pichwai
2025-07-11 16:12:29,323 - artform_uploader.uploader - INFO - UPDATED: pichwai (fields: colours_used, slug, artist_ids, origin_region, materials_used, thumbnail_url, description, category, name, related_art_form_ids, total_value_sold, banner_image_url, heritage_level)
2025-07-11 16:12:29,398 - artform_uploader.database - INFO - 📝 Successfully UPDATED document: kalamkari
2025-07-11 16:12:29,399 - artform_uploader.uploader - INFO - UPDATED: kalamkari (fields: colours_used, slug, artist_ids, origin_region, thumbnail_url, description, category, name, related_art_form_ids, total_value_sold, artist_count, banner_image_url, total_unit_sold, heritage_level)
2025-07-11 16:12:29,418 - artform_uploader.database - INFO - 📝 Successfully UPDATED document: madhubani
2025-07-11 16:12:29,418 - artform_uploader.uploader - INFO - UPDATED: madhubani (fields: colours_used, slug, artist_ids, origin_region, materials_used, thumbnail_url, description, category, name, related_art_form_ids, total_value_sold, artist_count, banner_image_url, total_unit_sold, heritage_level)
2025-07-11 16:12:29,419 - artform_uploader.uploader - INFO - 
============================================================
2025-07-11 16:12:29,419 - artform_uploader.uploader - INFO - UPLOAD COMPLETED
2025-07-11 16:12:29,420 - artform_uploader.uploader - INFO - ============================================================
2025-07-11 16:12:29,420 - artform_uploader.uploader - INFO - Successfully processed: 5 records
2025-07-11 16:12:29,420 - artform_uploader.uploader - INFO - New documents CREATED: 0
2025-07-11 16:12:29,420 - artform_uploader.uploader - INFO - Existing documents UPDATED: 5
2025-07-11 16:12:29,421 - artform_uploader.uploader - INFO - Errors encountered: 0 records
2025-07-11 16:12:29,421 - artform_uploader.uploader - INFO - Skipped records: 0 records
2025-07-11 16:12:29,421 - artform_uploader.uploader - INFO - Total processed: 5 records
2025-07-11 16:12:29,421 - artform_uploader.uploader - INFO - Total duration: 1.28 seconds
2025-07-11 16:12:29,422 - artform_uploader.uploader - INFO - Average rate: 3.90 records/second
2025-07-11 16:12:29,422 - artform_uploader.uploader - INFO - Success rate: 100.0%
2025-07-11 16:12:29,422 - artform_uploader.uploader - INFO - Threading: Using 10 concurrent workers
2025-07-11 16:12:29,422 - artform_uploader.uploader - INFO - Batch size: 500 records per batch
2025-07-11 16:12:29,423 - artform_uploader - INFO - Upload completed successfully
