2025-07-11 16:04:40,917 - artform_uploader - INFO - Artform Upload System Starting...
2025-07-11 16:04:40,965 - artform_uploader.database - INFO - Firebase initialized successfully
2025-07-11 16:04:40,966 - artform_uploader.uploader - INFO - Starting artform upload process...
2025-07-11 16:04:40,966 - artform_uploader.uploader - INFO - Configuration: 10 threads, batch size: 500
2025-07-11 16:04:40,970 - artform_uploader.uploader - INFO - CSV contains the following fields: ['slug', 'name', 'description', 'origin_region', 'heritage_level', 'thumbnail_url', 'banner_image_url', 'category', 'materials_used', 'colours_used', 'related_art_form_ids', 'artist_ids', 'total_value_sold', 'artist_count', 'total_unit_sold']
2025-07-11 16:04:40,971 - artform_uploader.uploader - INFO - Total rows to process: 5
2025-07-11 16:04:40,971 - artform_uploader.csv_parser - INFO - Starting to parse CSV file: C:\Users\MY PC\OneDrive\Desktop\CODE\Python\Memeraki\artform\artforms.csv
2025-07-11 16:04:40,972 - artform_uploader.csv_parser - INFO - CSV headers found: ['slug', 'name', 'description', 'origin_region', 'heritage_level', 'thumbnail_url', 'banner_image_url', 'category', 'materials_used', 'colours_used', 'related_art_form_ids', 'artist_ids', 'total_value_sold', 'artist_count', 'total_unit_sold']
2025-07-11 16:04:40,973 - artform_uploader.uploader - INFO - Processing batch of 5 documents using 10 threads...
2025-07-11 16:04:40,978 - artform_uploader.uploader - INFO - Submitted 5 tasks to thread pool
2025-07-11 16:04:41,855 - artform_uploader.database - INFO - 📝 Successfully UPDATED document: madhubani
2025-07-11 16:04:41,855 - artform_uploader.database - INFO - 📝 Successfully UPDATED document: warli
2025-07-11 16:04:41,856 - artform_uploader.uploader - INFO - UPDATED: madhubani (fields: related_art_form_ids, heritage_level, origin_region, description, artist_ids, total_unit_sold, slug, colours_used, total_value_sold, name, materials_used, category, banner_image_url, thumbnail_url, artist_count)
2025-07-11 16:04:41,857 - artform_uploader.uploader - INFO - UPDATED: warli (fields: related_art_form_ids, heritage_level, origin_region, description, artist_ids, total_unit_sold, slug, colours_used, total_value_sold, name, materials_used, category, banner_image_url, thumbnail_url, artist_count)
2025-07-11 16:04:41,871 - artform_uploader.database - INFO - 📝 Successfully UPDATED document: gond
2025-07-11 16:04:41,872 - artform_uploader.uploader - INFO - UPDATED: gond (fields: related_art_form_ids, heritage_level, origin_region, description, artist_ids, total_unit_sold, slug, colours_used, total_value_sold, name, materials_used, category, banner_image_url, thumbnail_url, artist_count)
2025-07-11 16:04:41,877 - artform_uploader.database - INFO - 📝 Successfully UPDATED document: kalamkari
2025-07-11 16:04:41,878 - artform_uploader.uploader - INFO - UPDATED: kalamkari (fields: related_art_form_ids, heritage_level, origin_region, description, artist_ids, total_unit_sold, slug, colours_used, total_value_sold, name, category, banner_image_url, thumbnail_url, artist_count)
2025-07-11 16:04:41,902 - artform_uploader.database - INFO - 📝 Successfully UPDATED document: pichwai
2025-07-11 16:04:41,903 - artform_uploader.uploader - INFO - UPDATED: pichwai (fields: related_art_form_ids, heritage_level, origin_region, description, artist_ids, total_unit_sold, slug, colours_used, total_value_sold, name, materials_used, category, banner_image_url, thumbnail_url, artist_count)
2025-07-11 16:04:41,903 - artform_uploader.uploader - INFO - 
============================================================
2025-07-11 16:04:41,904 - artform_uploader.uploader - INFO - UPLOAD COMPLETED
2025-07-11 16:04:41,904 - artform_uploader.uploader - INFO - ============================================================
2025-07-11 16:04:41,904 - artform_uploader.uploader - INFO - Successfully processed: 5 records
2025-07-11 16:04:41,905 - artform_uploader.uploader - INFO - New documents CREATED: 0
2025-07-11 16:04:41,905 - artform_uploader.uploader - INFO - Existing documents UPDATED: 5
2025-07-11 16:04:41,905 - artform_uploader.uploader - INFO - Errors encountered: 0 records
2025-07-11 16:04:41,906 - artform_uploader.uploader - INFO - Skipped records: 0 records
2025-07-11 16:04:41,906 - artform_uploader.uploader - INFO - Total processed: 5 records
2025-07-11 16:04:41,906 - artform_uploader.uploader - INFO - Total duration: 0.94 seconds
2025-07-11 16:04:41,907 - artform_uploader.uploader - INFO - Average rate: 5.31 records/second
2025-07-11 16:04:41,907 - artform_uploader.uploader - INFO - Success rate: 100.0%
2025-07-11 16:04:41,907 - artform_uploader.uploader - INFO - Threading: Using 10 concurrent workers
2025-07-11 16:04:41,907 - artform_uploader.uploader - INFO - Batch size: 500 records per batch
2025-07-11 16:04:41,908 - artform_uploader - INFO - Upload completed successfully
