2025-07-11 16:00:53,446 - artform_uploader - INFO - Artform Upload System Starting...
2025-07-11 16:00:53,505 - artform_uploader.database - INFO - Firebase initialized successfully
2025-07-11 16:00:53,506 - artform_uploader.uploader - INFO - Starting artform upload process...
2025-07-11 16:00:53,506 - artform_uploader.uploader - INFO - Configuration: 10 threads, batch size: 500
2025-07-11 16:00:53,527 - artform_uploader.uploader - INFO - CSV contains the following fields: ['slug', 'name', 'description', 'origin_region', 'heritage_level', 'thumbnail_url', 'banner_image_url', 'category', 'materials_used', 'colours_used', 'related_art_form_ids', 'artist_ids', 'total_value_sold', 'artist_count', 'total_unit_sold']
2025-07-11 16:00:53,528 - artform_uploader.uploader - INFO - Total rows to process: 5
2025-07-11 16:00:53,528 - artform_uploader.csv_parser - INFO - Starting to parse CSV file: C:\Users\MY PC\OneDrive\Desktop\CODE\Python\Memeraki\artform\artforms.csv
2025-07-11 16:00:53,529 - artform_uploader.csv_parser - INFO - CSV headers found: ['slug', 'name', 'description', 'origin_region', 'heritage_level', 'thumbnail_url', 'banner_image_url', 'category', 'materials_used', 'colours_used', 'related_art_form_ids', 'artist_ids', 'total_value_sold', 'artist_count', 'total_unit_sold']
2025-07-11 16:00:53,530 - artform_uploader.uploader - INFO - Processing batch of 5 documents using 10 threads...
2025-07-11 16:00:53,533 - artform_uploader.uploader - INFO - Submitted 5 tasks to thread pool
2025-07-11 16:00:54,573 - artform_uploader.database - INFO - 📝 Successfully CREATED document: pichwai"• Detailed paintings of Krishna\n• Sacred art from Nathdwara\n• Intricate style"
2025-07-11 16:00:54,573 - artform_uploader.uploader - INFO - CREATED: pichwai"• Detailed paintings of Krishna\n• Sacred art from Nathdwara\n• Intricate style" (fields: name, colours_used, category, heritage_level, artist_ids, total_value_sold, thumbnail_url, related_art_form_ids, slug, origin_region, banner_image_url, materials_used, description)
2025-07-11 16:00:54,622 - artform_uploader.database - INFO - 📝 Successfully UPDATED document: gond
2025-07-11 16:00:54,622 - artform_uploader.database - INFO - 📝 Successfully UPDATED document: madhubani
2025-07-11 16:00:54,623 - artform_uploader.uploader - INFO - UPDATED: gond (fields: name, colours_used, category, heritage_level, artist_count, artist_ids, total_value_sold, thumbnail_url, related_art_form_ids, slug, total_unit_sold, origin_region, banner_image_url, materials_used, description)
2025-07-11 16:00:54,623 - artform_uploader.uploader - INFO - UPDATED: madhubani (fields: name, colours_used, category, heritage_level, artist_count, artist_ids, total_value_sold, thumbnail_url, related_art_form_ids, slug, total_unit_sold, origin_region, banner_image_url, materials_used, description)
2025-07-11 16:00:54,627 - artform_uploader.database - INFO - 📝 Successfully UPDATED document: warli
2025-07-11 16:00:54,628 - artform_uploader.uploader - INFO - UPDATED: warli (fields: name, colours_used, category, heritage_level, artist_count, artist_ids, total_value_sold, thumbnail_url, related_art_form_ids, slug, total_unit_sold, origin_region, banner_image_url, materials_used, description)
2025-07-11 16:00:54,645 - artform_uploader.database - INFO - 📝 Successfully UPDATED document: kalamkari
2025-07-11 16:00:54,646 - artform_uploader.uploader - INFO - UPDATED: kalamkari (fields: name, colours_used, category, heritage_level, artist_count, artist_ids, total_value_sold, thumbnail_url, related_art_form_ids, slug, total_unit_sold, origin_region, banner_image_url, description)
2025-07-11 16:00:54,647 - artform_uploader.uploader - INFO - 
============================================================
2025-07-11 16:00:54,647 - artform_uploader.uploader - INFO - UPLOAD COMPLETED
2025-07-11 16:00:54,647 - artform_uploader.uploader - INFO - ============================================================
2025-07-11 16:00:54,648 - artform_uploader.uploader - INFO - Successfully processed: 5 records
2025-07-11 16:00:54,648 - artform_uploader.uploader - INFO - New documents CREATED: 1
2025-07-11 16:00:54,648 - artform_uploader.uploader - INFO - Existing documents UPDATED: 4
2025-07-11 16:00:54,648 - artform_uploader.uploader - INFO - Errors encountered: 0 records
2025-07-11 16:00:54,649 - artform_uploader.uploader - INFO - Skipped records: 0 records
2025-07-11 16:00:54,649 - artform_uploader.uploader - INFO - Total processed: 5 records
2025-07-11 16:00:54,649 - artform_uploader.uploader - INFO - Total duration: 1.14 seconds
2025-07-11 16:00:54,649 - artform_uploader.uploader - INFO - Average rate: 4.37 records/second
2025-07-11 16:00:54,650 - artform_uploader.uploader - INFO - Success rate: 100.0%
2025-07-11 16:00:54,650 - artform_uploader.uploader - INFO - Threading: Using 10 concurrent workers
2025-07-11 16:00:54,650 - artform_uploader.uploader - INFO - Batch size: 500 records per batch
2025-07-11 16:00:54,650 - artform_uploader - INFO - Upload completed successfully
