2025-07-13 17:22:31,780 - artform_uploader - INFO - Artform Upload System Starting...
2025-07-13 17:22:31,816 - artform_uploader.database - INFO - Firebase initialized successfully
2025-07-13 17:22:31,816 - artform_uploader.uploader - INFO - Starting artform upload process...
2025-07-13 17:22:31,816 - artform_uploader.uploader - INFO - Configuration: 10 threads, batch size: 500
2025-07-13 17:22:31,833 - artform_uploader.uploader - INFO - CSV contains the following fields: ['slug', 'name', 'description', 'origin_region', 'heritage_level', 'thumbnail_url', 'banner_image_url', 'category', 'materials_used', 'colours_used', 'related_art_form_ids', 'artist_ids', 'total_value_sold', 'artist_count', 'total_unit_sold']
2025-07-13 17:22:31,834 - artform_uploader.uploader - INFO - Total rows to process: 5
2025-07-13 17:22:31,834 - artform_uploader.csv_parser - INFO - Starting to parse CSV file: C:\Users\MY PC\OneDrive\Desktop\CODE\Python\Memeraki\artform\artforms.csv
2025-07-13 17:22:31,835 - artform_uploader.csv_parser - INFO - CSV headers found: ['slug', 'name', 'description', 'origin_region', 'heritage_level', 'thumbnail_url', 'banner_image_url', 'category', 'materials_used', 'colours_used', 'related_art_form_ids', 'artist_ids', 'total_value_sold', 'artist_count', 'total_unit_sold']
2025-07-13 17:22:31,836 - artform_uploader.uploader - INFO - Processing batch of 5 documents using 10 threads...
2025-07-13 17:22:31,841 - artform_uploader.uploader - INFO - Submitted 5 tasks to thread pool
2025-07-13 17:22:33,092 - artform_uploader.database - INFO - 📝 Successfully UPDATED document: gond
2025-07-13 17:22:33,093 - artform_uploader.uploader - INFO - UPDATED: gond (fields: origin_region, materials_used, banner_image_url, total_value_sold, name, colours_used, heritage_level, artist_count, total_unit_sold, artist_ids, description, slug, category, thumbnail_url, related_art_form_ids)
2025-07-13 17:22:33,113 - artform_uploader.database - INFO - 📝 Successfully UPDATED document: pichwai
2025-07-13 17:22:33,113 - artform_uploader.uploader - INFO - UPDATED: pichwai (fields: origin_region, materials_used, banner_image_url, total_value_sold, name, colours_used, heritage_level, artist_count, total_unit_sold, artist_ids, description, slug, category, thumbnail_url, related_art_form_ids)
2025-07-13 17:22:33,125 - artform_uploader.database - INFO - 📝 Successfully UPDATED document: madhubani
2025-07-13 17:22:33,126 - artform_uploader.uploader - INFO - UPDATED: madhubani (fields: origin_region, materials_used, banner_image_url, total_value_sold, name, colours_used, heritage_level, artist_count, total_unit_sold, artist_ids, description, slug, category, thumbnail_url, related_art_form_ids)
2025-07-13 17:22:33,133 - artform_uploader.database - INFO - 📝 Successfully UPDATED document: warli
2025-07-13 17:22:33,134 - artform_uploader.uploader - INFO - UPDATED: warli (fields: origin_region, materials_used, banner_image_url, total_value_sold, name, colours_used, heritage_level, artist_count, total_unit_sold, artist_ids, description, slug, category, thumbnail_url, related_art_form_ids)
2025-07-13 17:22:33,183 - artform_uploader.database - INFO - 📝 Successfully UPDATED document: kalamkari
2025-07-13 17:22:33,184 - artform_uploader.uploader - INFO - UPDATED: kalamkari (fields: origin_region, banner_image_url, total_value_sold, name, colours_used, heritage_level, artist_count, total_unit_sold, artist_ids, description, slug, category, thumbnail_url, related_art_form_ids)
2025-07-13 17:22:33,184 - artform_uploader.uploader - INFO - 
============================================================
2025-07-13 17:22:33,185 - artform_uploader.uploader - INFO - UPLOAD COMPLETED
2025-07-13 17:22:33,185 - artform_uploader.uploader - INFO - ============================================================
2025-07-13 17:22:33,185 - artform_uploader.uploader - INFO - Successfully processed: 5 records
2025-07-13 17:22:33,185 - artform_uploader.uploader - INFO - New documents CREATED: 0
2025-07-13 17:22:33,185 - artform_uploader.uploader - INFO - Existing documents UPDATED: 5
2025-07-13 17:22:33,186 - artform_uploader.uploader - INFO - Errors encountered: 0 records
2025-07-13 17:22:33,186 - artform_uploader.uploader - INFO - Skipped records: 0 records
2025-07-13 17:22:33,186 - artform_uploader.uploader - INFO - Total processed: 5 records
2025-07-13 17:22:33,186 - artform_uploader.uploader - INFO - Total duration: 1.37 seconds
2025-07-13 17:22:33,186 - artform_uploader.uploader - INFO - Average rate: 3.65 records/second
2025-07-13 17:22:33,186 - artform_uploader.uploader - INFO - Success rate: 100.0%
2025-07-13 17:22:33,187 - artform_uploader.uploader - INFO - Threading: Using 10 concurrent workers
2025-07-13 17:22:33,187 - artform_uploader.uploader - INFO - Batch size: 500 records per batch
2025-07-13 17:22:33,187 - artform_uploader - INFO - Upload completed successfully
