2025-07-13 17:28:07,860 - artform_uploader - INFO - Artform Upload System Starting...
2025-07-13 17:28:07,894 - artform_uploader.database - INFO - Firebase initialized successfully
2025-07-13 17:28:07,895 - artform_uploader.uploader - INFO - Starting artform upload process...
2025-07-13 17:28:07,895 - artform_uploader.uploader - INFO - Configuration: 10 threads, batch size: 500
2025-07-13 17:28:07,899 - artform_uploader.uploader - INFO - CSV contains the following fields: ['slug', 'name', 'description', 'origin_region', 'heritage_level', 'thumbnail_url', 'banner_image_url', 'category', 'materials_used', 'colours_used', 'related_art_form_ids', 'artist_ids', 'total_value_sold', 'artist_count', 'total_unit_sold']
2025-07-13 17:28:07,900 - artform_uploader.uploader - INFO - Total rows to process: 5
2025-07-13 17:28:07,901 - artform_uploader.csv_parser - INFO - Starting to parse CSV file: C:\Users\MY PC\OneDrive\Desktop\CODE\Python\Memeraki\artform\artforms.csv
2025-07-13 17:28:07,901 - artform_uploader.csv_parser - INFO - CSV headers found: ['slug', 'name', 'description', 'origin_region', 'heritage_level', 'thumbnail_url', 'banner_image_url', 'category', 'materials_used', 'colours_used', 'related_art_form_ids', 'artist_ids', 'total_value_sold', 'artist_count', 'total_unit_sold']
2025-07-13 17:28:07,902 - artform_uploader.uploader - INFO - Processing batch of 5 documents using 10 threads...
2025-07-13 17:28:07,906 - artform_uploader.uploader - INFO - Submitted 5 tasks to thread pool
2025-07-13 17:28:09,076 - artform_uploader.database - INFO - 📝 Successfully UPDATED document: warli
2025-07-13 17:28:09,077 - artform_uploader.uploader - INFO - UPDATED: warli (fields: materials_used, origin_region, artist_ids, total_value_sold, heritage_level, artist_count, category, thumbnail_url, banner_image_url, colours_used, related_art_form_ids, slug, name, total_unit_sold, description)
2025-07-13 17:28:09,110 - artform_uploader.database - INFO - 📝 Successfully UPDATED document: pichwai
2025-07-13 17:28:09,110 - artform_uploader.uploader - INFO - UPDATED: pichwai (fields: materials_used, origin_region, artist_ids, total_value_sold, heritage_level, artist_count, category, thumbnail_url, banner_image_url, colours_used, related_art_form_ids, slug, name, total_unit_sold, description)
2025-07-13 17:28:09,122 - artform_uploader.database - INFO - 📝 Successfully UPDATED document: kalamkari
2025-07-13 17:28:09,123 - artform_uploader.uploader - INFO - UPDATED: kalamkari (fields: artist_ids, origin_region, total_value_sold, artist_count, heritage_level, category, thumbnail_url, banner_image_url, colours_used, related_art_form_ids, slug, name, total_unit_sold, description)
2025-07-13 17:28:09,166 - artform_uploader.database - INFO - 📝 Successfully UPDATED document: gond
2025-07-13 17:28:09,167 - artform_uploader.uploader - INFO - UPDATED: gond (fields: materials_used, origin_region, artist_ids, total_value_sold, heritage_level, artist_count, category, thumbnail_url, banner_image_url, colours_used, related_art_form_ids, slug, name, total_unit_sold, description)
2025-07-13 17:28:09,193 - artform_uploader.database - INFO - 📝 Successfully UPDATED document: madhubani
2025-07-13 17:28:09,194 - artform_uploader.uploader - INFO - UPDATED: madhubani (fields: materials_used, origin_region, artist_ids, total_value_sold, heritage_level, artist_count, category, thumbnail_url, banner_image_url, colours_used, related_art_form_ids, slug, name, total_unit_sold, description)
2025-07-13 17:28:09,195 - artform_uploader.uploader - INFO - 
============================================================
2025-07-13 17:28:09,195 - artform_uploader.uploader - INFO - UPLOAD COMPLETED
2025-07-13 17:28:09,195 - artform_uploader.uploader - INFO - ============================================================
2025-07-13 17:28:09,196 - artform_uploader.uploader - INFO - Successfully processed: 5 records
2025-07-13 17:28:09,196 - artform_uploader.uploader - INFO - New documents CREATED: 0
2025-07-13 17:28:09,196 - artform_uploader.uploader - INFO - Existing documents UPDATED: 5
2025-07-13 17:28:09,196 - artform_uploader.uploader - INFO - Errors encountered: 0 records
2025-07-13 17:28:09,196 - artform_uploader.uploader - INFO - Skipped records: 0 records
2025-07-13 17:28:09,196 - artform_uploader.uploader - INFO - Total processed: 5 records
2025-07-13 17:28:09,197 - artform_uploader.uploader - INFO - Total duration: 1.30 seconds
2025-07-13 17:28:09,197 - artform_uploader.uploader - INFO - Average rate: 3.84 records/second
2025-07-13 17:28:09,197 - artform_uploader.uploader - INFO - Success rate: 100.0%
2025-07-13 17:28:09,197 - artform_uploader.uploader - INFO - Threading: Using 10 concurrent workers
2025-07-13 17:28:09,197 - artform_uploader.uploader - INFO - Batch size: 500 records per batch
2025-07-13 17:28:09,197 - artform_uploader - INFO - Upload completed successfully
