2025-07-11 16:15:39,742 - artform_uploader - INFO - Artform Upload System Starting...
2025-07-11 16:15:39,789 - artform_uploader.database - INFO - Firebase initialized successfully
2025-07-11 16:15:39,789 - artform_uploader.uploader - INFO - Starting artform upload process...
2025-07-11 16:15:39,789 - artform_uploader.uploader - INFO - Configuration: 10 threads, batch size: 500
2025-07-11 16:15:39,807 - artform_uploader.uploader - INFO - CSV contains the following fields: ['slug', 'name', 'description', 'origin_region', 'heritage_level', 'thumbnail_url', 'banner_image_url', 'category', 'materials_used', 'colours_used', 'related_art_form_ids', 'artist_ids', 'total_value_sold', 'artist_count', 'total_unit_sold']
2025-07-11 16:15:39,809 - artform_uploader.uploader - INFO - Total rows to process: 6
2025-07-11 16:15:39,810 - artform_uploader.csv_parser - INFO - Starting to parse CSV file: C:\Users\MY PC\OneDrive\Desktop\CODE\Python\Memeraki\artform\artforms.csv
2025-07-11 16:15:39,810 - artform_uploader.csv_parser - INFO - CSV headers found: ['slug', 'name', 'description', 'origin_region', 'heritage_level', 'thumbnail_url', 'banner_image_url', 'category', 'materials_used', 'colours_used', 'related_art_form_ids', 'artist_ids', 'total_value_sold', 'artist_count', 'total_unit_sold']
2025-07-11 16:15:39,811 - artform_uploader.csv_parser - ERROR - Missing required field 'slug' in CSV row
2025-07-11 16:15:39,811 - artform_uploader.uploader - INFO - Processing batch of 5 documents using 10 threads...
2025-07-11 16:15:39,814 - artform_uploader.uploader - INFO - Submitted 5 tasks to thread pool
2025-07-11 16:15:40,850 - artform_uploader.database - INFO - 📝 Successfully UPDATED document: pichwai
2025-07-11 16:15:40,851 - artform_uploader.uploader - INFO - UPDATED: pichwai (fields: related_art_form_ids, materials_used, total_value_sold, artist_ids, colours_used, category, slug, banner_image_url, total_unit_sold, thumbnail_url, heritage_level, name, artist_count, origin_region, description)
2025-07-11 16:15:40,893 - artform_uploader.database - INFO - 📝 Successfully UPDATED document: madhubani
2025-07-11 16:15:40,894 - artform_uploader.uploader - INFO - UPDATED: madhubani (fields: related_art_form_ids, materials_used, total_value_sold, artist_ids, colours_used, category, slug, banner_image_url, total_unit_sold, thumbnail_url, heritage_level, name, artist_count, origin_region, description)
2025-07-11 16:15:40,919 - artform_uploader.database - INFO - 📝 Successfully UPDATED document: warli
2025-07-11 16:15:40,919 - artform_uploader.uploader - INFO - UPDATED: warli (fields: related_art_form_ids, materials_used, total_value_sold, artist_ids, colours_used, category, slug, banner_image_url, total_unit_sold, thumbnail_url, heritage_level, name, artist_count, origin_region, description)
2025-07-11 16:15:40,955 - artform_uploader.database - INFO - 📝 Successfully UPDATED document: kalamkari
2025-07-11 16:15:40,956 - artform_uploader.uploader - INFO - UPDATED: kalamkari (fields: related_art_form_ids, total_value_sold, artist_ids, colours_used, category, slug, banner_image_url, total_unit_sold, thumbnail_url, heritage_level, name, artist_count, origin_region, description)
2025-07-11 16:15:41,002 - artform_uploader.database - INFO - 📝 Successfully UPDATED document: gond
2025-07-11 16:15:41,002 - artform_uploader.uploader - INFO - UPDATED: gond (fields: related_art_form_ids, materials_used, total_value_sold, artist_ids, colours_used, category, slug, banner_image_url, total_unit_sold, thumbnail_url, heritage_level, name, artist_count, origin_region, description)
2025-07-11 16:15:41,003 - artform_uploader.uploader - INFO - 
============================================================
2025-07-11 16:15:41,003 - artform_uploader.uploader - INFO - UPLOAD COMPLETED
2025-07-11 16:15:41,003 - artform_uploader.uploader - INFO - ============================================================
2025-07-11 16:15:41,004 - artform_uploader.uploader - INFO - Successfully processed: 5 records
2025-07-11 16:15:41,004 - artform_uploader.uploader - INFO - New documents CREATED: 0
2025-07-11 16:15:41,004 - artform_uploader.uploader - INFO - Existing documents UPDATED: 5
2025-07-11 16:15:41,004 - artform_uploader.uploader - INFO - Errors encountered: 0 records
2025-07-11 16:15:41,005 - artform_uploader.uploader - INFO - Skipped records: 1 records
2025-07-11 16:15:41,005 - artform_uploader.uploader - INFO - Total processed: 5 records
2025-07-11 16:15:41,005 - artform_uploader.uploader - INFO - Total duration: 1.22 seconds
2025-07-11 16:15:41,005 - artform_uploader.uploader - INFO - Average rate: 4.11 records/second
2025-07-11 16:15:41,006 - artform_uploader.uploader - INFO - Success rate: 100.0%
2025-07-11 16:15:41,006 - artform_uploader.uploader - INFO - Threading: Using 10 concurrent workers
2025-07-11 16:15:41,006 - artform_uploader.uploader - INFO - Batch size: 500 records per batch
2025-07-11 16:15:41,006 - artform_uploader - INFO - Upload completed successfully
